Logging to data_ddpg/hopper_1M_ddpg
2019-06-26 17:29:04.845885: I tensorflow/core/platform/cpu_feature_guard.cc:141] Your CPU supports instructions that this TensorFlow binary was not compiled to use: AVX2 FMA
2019-06-26 17:29:04.994757: I tensorflow/core/common_runtime/gpu/gpu_device.cc:1405] Found device 0 with properties: 
name: GeForce GTX 1080 Ti major: 6 minor: 1 memoryClockRate(GHz): 1.582
pciBusID: 0000:05:00.0
totalMemory: 10.91GiB freeMemory: 10.50GiB
2019-06-26 17:29:05.107986: I tensorflow/core/common_runtime/gpu/gpu_device.cc:1405] Found device 1 with properties: 
name: GeForce GTX 1080 Ti major: 6 minor: 1 memoryClockRate(GHz): 1.582
pciBusID: 0000:06:00.0
totalMemory: 10.92GiB freeMemory: 10.54GiB
2019-06-26 17:29:05.219541: I tensorflow/core/common_runtime/gpu/gpu_device.cc:1405] Found device 2 with properties: 
name: GeForce GTX 1080 Ti major: 6 minor: 1 memoryClockRate(GHz): 1.582
pciBusID: 0000:09:00.0
totalMemory: 10.92GiB freeMemory: 10.54GiB
2019-06-26 17:29:05.357846: I tensorflow/core/common_runtime/gpu/gpu_device.cc:1405] Found device 3 with properties: 
name: GeForce GTX 1080 Ti major: 6 minor: 1 memoryClockRate(GHz): 1.582
pciBusID: 0000:0a:00.0
totalMemory: 10.92GiB freeMemory: 10.54GiB
2019-06-26 17:29:05.358637: I tensorflow/core/common_runtime/gpu/gpu_device.cc:1484] Adding visible gpu devices: 0, 1, 2, 3
2019-06-26 17:29:06.213482: I tensorflow/core/common_runtime/gpu/gpu_device.cc:965] Device interconnect StreamExecutor with strength 1 edge matrix:
2019-06-26 17:29:06.213522: I tensorflow/core/common_runtime/gpu/gpu_device.cc:971]      0 1 2 3 
2019-06-26 17:29:06.213529: I tensorflow/core/common_runtime/gpu/gpu_device.cc:984] 0:   N Y Y Y 
2019-06-26 17:29:06.213533: I tensorflow/core/common_runtime/gpu/gpu_device.cc:984] 1:   Y N Y Y 
2019-06-26 17:29:06.213538: I tensorflow/core/common_runtime/gpu/gpu_device.cc:984] 2:   Y Y N Y 
2019-06-26 17:29:06.213542: I tensorflow/core/common_runtime/gpu/gpu_device.cc:984] 3:   Y Y Y N 
2019-06-26 17:29:06.214277: I tensorflow/core/common_runtime/gpu/gpu_device.cc:1097] Created TensorFlow device (/job:localhost/replica:0/task:0/device:GPU:0 with 10151 MB memory) -> physical GPU (device: 0, name: GeForce GTX 1080 Ti, pci bus id: 0000:05:00.0, compute capability: 6.1)
2019-06-26 17:29:06.215191: I tensorflow/core/common_runtime/gpu/gpu_device.cc:1097] Created TensorFlow device (/job:localhost/replica:0/task:0/device:GPU:1 with 10192 MB memory) -> physical GPU (device: 1, name: GeForce GTX 1080 Ti, pci bus id: 0000:06:00.0, compute capability: 6.1)
2019-06-26 17:29:06.215931: I tensorflow/core/common_runtime/gpu/gpu_device.cc:1097] Created TensorFlow device (/job:localhost/replica:0/task:0/device:GPU:2 with 10192 MB memory) -> physical GPU (device: 2, name: GeForce GTX 1080 Ti, pci bus id: 0000:09:00.0, compute capability: 6.1)
2019-06-26 17:29:06.216635: I tensorflow/core/common_runtime/gpu/gpu_device.cc:1097] Created TensorFlow device (/job:localhost/replica:0/task:0/device:GPU:3 with 10192 MB memory) -> physical GPU (device: 3, name: GeForce GTX 1080 Ti, pci bus id: 0000:0a:00.0, compute capability: 6.1)
env_type: mujocoBL
[33mWARN: gym.spaces.Box autodetected dtype as <class 'numpy.float32'>. Please provide explicit dtype.[0m
[33mWARN: gym.spaces.Box autodetected dtype as <class 'numpy.float32'>. Please provide explicit dtype.[0m
Training ddpg_baseline on mujocoBL:HopperBL-v2 with arguments 
{'nb_rollout_steps': 1000, 'num_hidden': 128, 'num_layers': 3, 'network': 'mlp'}
scaling actions by [1. 1. 1.] before executing in env
setting up param noise
  param_noise_actor/mlp_fc0/w:0 <- actor/mlp_fc0/w:0 + noise
  param_noise_actor/mlp_fc0/b:0 <- actor/mlp_fc0/b:0 + noise
  param_noise_actor/mlp_fc1/w:0 <- actor/mlp_fc1/w:0 + noise
  param_noise_actor/mlp_fc1/b:0 <- actor/mlp_fc1/b:0 + noise
  param_noise_actor/mlp_fc2/w:0 <- actor/mlp_fc2/w:0 + noise
  param_noise_actor/mlp_fc2/b:0 <- actor/mlp_fc2/b:0 + noise
  param_noise_actor/dense/kernel:0 <- actor/dense/kernel:0 + noise
  param_noise_actor/dense/bias:0 <- actor/dense/bias:0 + noise
  adaptive_param_noise_actor/mlp_fc0/w:0 <- actor/mlp_fc0/w:0 + noise
  adaptive_param_noise_actor/mlp_fc0/b:0 <- actor/mlp_fc0/b:0 + noise
  adaptive_param_noise_actor/mlp_fc1/w:0 <- actor/mlp_fc1/w:0 + noise
  adaptive_param_noise_actor/mlp_fc1/b:0 <- actor/mlp_fc1/b:0 + noise
  adaptive_param_noise_actor/mlp_fc2/w:0 <- actor/mlp_fc2/w:0 + noise
  adaptive_param_noise_actor/mlp_fc2/b:0 <- actor/mlp_fc2/b:0 + noise
  adaptive_param_noise_actor/dense/kernel:0 <- actor/dense/kernel:0 + noise
  adaptive_param_noise_actor/dense/bias:0 <- actor/dense/bias:0 + noise
setting up actor optimizer
  actor shapes: [[11, 128], [128], [128, 128], [128], [128, 128], [128], [128, 3], [3]]
  actor params: 34947
setting up critic optimizer
  regularizing: critic/mlp_fc0/w:0
  regularizing: critic/mlp_fc1/w:0
  regularizing: critic/mlp_fc2/w:0
  applying l2 regularization with 0.01
  critic shapes: [[14, 128], [128], [128, 128], [128], [128, 128], [128], [128, 1], [1]]
  critic params: 35073
setting up target updates ...
  target_actor/mlp_fc0/w:0 <- actor/mlp_fc0/w:0
  target_actor/mlp_fc0/b:0 <- actor/mlp_fc0/b:0
  target_actor/mlp_fc1/w:0 <- actor/mlp_fc1/w:0
  target_actor/mlp_fc1/b:0 <- actor/mlp_fc1/b:0
  target_actor/mlp_fc2/w:0 <- actor/mlp_fc2/w:0
  target_actor/mlp_fc2/b:0 <- actor/mlp_fc2/b:0
  target_actor/dense/kernel:0 <- actor/dense/kernel:0
  target_actor/dense/bias:0 <- actor/dense/bias:0
setting up target updates ...
  target_critic/mlp_fc0/w:0 <- critic/mlp_fc0/w:0
  target_critic/mlp_fc0/b:0 <- critic/mlp_fc0/b:0
  target_critic/mlp_fc1/w:0 <- critic/mlp_fc1/w:0
  target_critic/mlp_fc1/b:0 <- critic/mlp_fc1/b:0
  target_critic/mlp_fc2/w:0 <- critic/mlp_fc2/w:0
  target_critic/mlp_fc2/b:0 <- critic/mlp_fc2/b:0
  target_critic/output/kernel:0 <- critic/output/kernel:0
  target_critic/output/bias:0 <- critic/output/bias:0
Using agent with the following configuration:
dict_items([('obs0', <tf.Tensor 'obs0:0' shape=(?, 11) dtype=float32>), ('obs1', <tf.Tensor 'obs1:0' shape=(?, 11) dtype=float32>), ('terminals1', <tf.Tensor 'terminals1:0' shape=(?, 1) dtype=float32>), ('rewards', <tf.Tensor 'rewards:0' shape=(?, 1) dtype=float32>), ('actions', <tf.Tensor 'actions:0' shape=(?, 3) dtype=float32>), ('critic_target', <tf.Tensor 'critic_target:0' shape=(?, 1) dtype=float32>), ('param_noise_stddev', <tf.Tensor 'param_noise_stddev:0' shape=() dtype=float32>), ('gamma', 0.99), ('tau', 0.01), ('memory', <baselines.ddpg.memory.Memory object at 0x7f6154a9ee80>), ('normalize_observations', True), ('normalize_returns', False), ('action_noise', None), ('param_noise', AdaptiveParamNoiseSpec(initial_stddev=0.2, desired_action_stddev=0.2, adoption_coefficient=1.01)), ('action_range', (-1.0, 1.0)), ('return_range', (-inf, inf)), ('observation_range', (-5.0, 5.0)), ('critic', <SafetyGuided_DRL.safe_ddpg.models.Critic object at 0x7f61f2940320>), ('actor', <SafetyGuided_DRL.safe_ddpg.models.Actor object at 0x7f61f2940358>), ('actor_lr', 0.0001), ('critic_lr', 0.001), ('clip_norm', None), ('enable_popart', False), ('reward_scale', 1.0), ('batch_size', 64), ('stats_sample', None), ('critic_l2_reg', 0.01), ('obs_rms', <baselines.common.mpi_running_mean_std.RunningMeanStd object at 0x7f61f2940da0>), ('ret_rms', None), ('target_actor', <SafetyGuided_DRL.safe_ddpg.models.Actor object at 0x7f61f2957048>), ('target_critic', <SafetyGuided_DRL.safe_ddpg.models.Critic object at 0x7f61f2940470>), ('actor_tf', <tf.Tensor 'actor/Tanh:0' shape=(?, 3) dtype=float32>), ('normalized_critic_tf', <tf.Tensor 'critic/output/BiasAdd:0' shape=(?, 1) dtype=float32>), ('critic_tf', <tf.Tensor 'clip_by_value_2:0' shape=(?, 1) dtype=float32>), ('normalized_critic_with_actor_tf', <tf.Tensor 'critic_1/output/BiasAdd:0' shape=(?, 1) dtype=float32>), ('critic_with_actor_tf', <tf.Tensor 'clip_by_value_3:0' shape=(?, 1) dtype=float32>), ('target_Q', <tf.Tensor 'add_2:0' shape=(?, 1) dtype=float32>), ('perturbed_actor_tf', <tf.Tensor 'param_noise_actor/Tanh:0' shape=(?, 3) dtype=float32>), ('perturb_policy_ops', <tf.Operation 'group_deps' type=NoOp>), ('perturb_adaptive_policy_ops', <tf.Operation 'group_deps_1' type=NoOp>), ('adaptive_policy_distance', <tf.Tensor 'Sqrt:0' shape=() dtype=float32>), ('actor_loss', <tf.Tensor 'Neg:0' shape=() dtype=float32>), ('actor_grads', <tf.Tensor 'concat:0' shape=(34947,) dtype=float32>), ('actor_optimizer', <baselines.common.mpi_adam.MpiAdam object at 0x7f61eda1df98>), ('critic_loss', <tf.Tensor 'add_19:0' shape=() dtype=float32>), ('critic_grads', <tf.Tensor 'concat_2:0' shape=(35073,) dtype=float32>), ('critic_optimizer', <baselines.common.mpi_adam.MpiAdam object at 0x7f61eda2c470>), ('stats_ops', [<tf.Tensor 'Mean_3:0' shape=() dtype=float32>, <tf.Tensor 'Mean_4:0' shape=() dtype=float32>, <tf.Tensor 'Mean_5:0' shape=() dtype=float32>, <tf.Tensor 'Sqrt_1:0' shape=() dtype=float32>, <tf.Tensor 'Mean_8:0' shape=() dtype=float32>, <tf.Tensor 'Sqrt_2:0' shape=() dtype=float32>, <tf.Tensor 'Mean_11:0' shape=() dtype=float32>, <tf.Tensor 'Sqrt_3:0' shape=() dtype=float32>, <tf.Tensor 'Mean_14:0' shape=() dtype=float32>, <tf.Tensor 'Sqrt_4:0' shape=() dtype=float32>]), ('stats_names', ['obs_rms_mean', 'obs_rms_std', 'reference_Q_mean', 'reference_Q_std', 'reference_actor_Q_mean', 'reference_actor_Q_std', 'reference_action_mean', 'reference_action_std', 'reference_perturbed_action_mean', 'reference_perturbed_action_std']), ('target_init_updates', [<tf.Operation 'group_deps_4' type=NoOp>, <tf.Operation 'group_deps_6' type=NoOp>]), ('target_soft_updates', [<tf.Operation 'group_deps_5' type=NoOp>, <tf.Operation 'group_deps_7' type=NoOp>]), ('initial_state', None)])
GLFW error (code %d): %s 65544 b'X11: RandR gamma ramp support seems broken'
Creating window glfw
---------------------------------------------
| obs_rms_mean                   | 0        |
| obs_rms_std                    | 1        |
| param_noise_stddev             | 0.177    |
| reference_action_mean          | 0.998    |
| reference_action_std           | 0.00401  |
| reference_actor_Q_mean         | 12.5     |
| reference_actor_Q_std          | 3.51     |
| reference_perturbed_action_... | 0.991    |
| reference_perturbed_action_std | 0.125    |
| reference_Q_mean               | 11.9     |
| reference_Q_std                | 3.98     |
| rollout/actions_mean           | 0.663    |
| rollout/actions_std            | 0.655    |
| rollout/episode_steps          | 23.2     |
| rollout/episodes               | 860      |
| rollout/Q_mean                 | 6.25     |
| rollout/return                 | 29.3     |
| rollout/return_history         | 34.2     |
| rollout/return_history_std     | 30.5     |
| rollout/return_std             | 55.6     |
| total/duration                 | 86.9     |
| total/episodes                 | 860      |
| total/epochs                   | 1        |
| total/steps                    | 2e+04    |
| total/steps_per_second         | 230      |
| train/loss_actor               | -11.7    |
| train/loss_critic              | 3.06     |
| train/param_noise_distance     | 0.696    |
---------------------------------------------

---------------------------------------------
| obs_rms_mean                   | 0        |
| obs_rms_std                    | 1        |
| param_noise_stddev             | 0.145    |
| reference_action_mean          | 0.524    |
| reference_action_std           | 0.793    |
| reference_actor_Q_mean         | 29.3     |
| reference_actor_Q_std          | 8.56     |
| reference_perturbed_action_... | 0.458    |
| reference_perturbed_action_std | 0.88     |
| reference_Q_mean               | 27.4     |
| reference_Q_std                | 9.66     |
| rollout/actions_mean           | 0.683    |
| rollout/actions_std            | 0.645    |
| rollout/episode_steps          | 24       |
| rollout/episodes               | 1.67e+03 |
| rollout/Q_mean                 | 14.2     |
| rollout/return                 | 34.3     |
| rollout/return_history         | 44.6     |
| rollout/return_history_std     | 45.3     |
| rollout/return_std             | 52.6     |
| total/duration                 | 152      |
| total/episodes                 | 1.67e+03 |
| total/epochs                   | 2        |
| total/steps                    | 4e+04    |
| total/steps_per_second         | 263      |
| train/loss_actor               | -29.9    |
| train/loss_critic              | 10.6     |
| train/param_noise_distance     | 1.03     |
---------------------------------------------

---------------------------------------------
| obs_rms_mean                   | 0        |
| obs_rms_std                    | 1        |
| param_noise_stddev             | 0.119    |
| reference_action_mean          | 0.0817   |
| reference_action_std           | 0.844    |
| reference_actor_Q_mean         | 49.8     |
| reference_actor_Q_std          | 12.4     |
| reference_perturbed_action_... | 0.574    |
| reference_perturbed_action_std | 0.676    |
| reference_Q_mean               | 46.5     |
| reference_Q_std                | 14.7     |
| rollout/actions_mean           | 0.64     |
| rollout/actions_std            | 0.669    |
| rollout/episode_steps          | 25.5     |
| rollout/episodes               | 2.35e+03 |
| rollout/Q_mean                 | 23       |
| rollout/return                 | 38       |
| rollout/return_history         | 68.9     |
| rollout/return_history_std     | 113      |
| rollout/return_std             | 57       |
| total/duration                 | 211      |
| total/episodes                 | 2.35e+03 |
| total/epochs                   | 3        |
| total/steps                    | 6e+04    |
| total/steps_per_second         | 285      |
| train/loss_actor               | -50.7    |
| train/loss_critic              | 33       |
| train/param_noise_distance     | 0.727    |
---------------------------------------------

---------------------------------------------
| obs_rms_mean                   | 0        |
| obs_rms_std                    | 1        |
| param_noise_stddev             | 0.0977   |
| reference_action_mean          | 0.427    |
| reference_action_std           | 0.743    |
| reference_actor_Q_mean         | 71.3     |
| reference_actor_Q_std          | 20       |
| reference_perturbed_action_... | 0.0932   |
| reference_perturbed_action_std | 0.838    |
| reference_Q_mean               | 66.4     |
| reference_Q_std                | 23.6     |
| rollout/actions_mean           | 0.598    |
| rollout/actions_std            | 0.659    |
| rollout/episode_steps          | 30.5     |
| rollout/episodes               | 2.6e+03  |
| rollout/Q_mean                 | 32.8     |
| rollout/return                 | 43.5     |
| rollout/return_history         | 146      |
| rollout/return_history_std     | 253      |
| rollout/return_std             | 80       |
| total/duration                 | 266      |
| total/episodes                 | 2.6e+03  |
| total/epochs                   | 4        |
| total/steps                    | 8e+04    |
| total/steps_per_second         | 301      |
| train/loss_actor               | -75      |
| train/loss_critic              | 76.8     |
| train/param_noise_distance     | 0.654    |
---------------------------------------------

---------------------------------------------
| obs_rms_mean                   | 0        |
| obs_rms_std                    | 1        |
| param_noise_stddev             | 0.0801   |
| reference_action_mean          | 0.107    |
| reference_action_std           | 0.88     |
| reference_actor_Q_mean         | 102      |
| reference_actor_Q_std          | 28.7     |
| reference_perturbed_action_... | 0.232    |
| reference_perturbed_action_std | 0.806    |
| reference_Q_mean               | 95.2     |
| reference_Q_std                | 31.7     |
| rollout/actions_mean           | 0.541    |
| rollout/actions_std            | 0.672    |
| rollout/episode_steps          | 36.7     |
| rollout/episodes               | 2.72e+03 |
| rollout/Q_mean                 | 44.4     |
| rollout/return                 | 51.3     |
| rollout/return_history         | 218      |
| rollout/return_history_std     | 266      |
| rollout/return_std             | 103      |
| total/duration                 | 380      |
| total/episodes                 | 2.72e+03 |
| total/epochs                   | 5        |
| total/steps                    | 1e+05    |
| total/steps_per_second         | 263      |
| train/loss_actor               | -107     |
| train/loss_critic              | 128      |
| train/param_noise_distance     | 0.541    |
---------------------------------------------

---------------------------------------------
| obs_rms_mean                   | 0        |
| obs_rms_std                    | 1        |
| param_noise_stddev             | 0.0656   |
| reference_action_mean          | 0.0801   |
| reference_action_std           | 0.898    |
| reference_actor_Q_mean         | 134      |
| reference_actor_Q_std          | 42.2     |
| reference_perturbed_action_... | -0.0117  |
| reference_perturbed_action_std | 0.846    |
| reference_Q_mean               | 125      |
| reference_Q_std                | 45.7     |
| rollout/actions_mean           | 0.483    |
| rollout/actions_std            | 0.688    |
| rollout/episode_steps          | 42.3     |
| rollout/episodes               | 2.83e+03 |
| rollout/Q_mean                 | 59.4     |
| rollout/return                 | 59       |
| rollout/return_history         | 236      |
| rollout/return_history_std     | 259      |
| rollout/return_std             | 120      |
| total/duration                 | 438      |
| total/episodes                 | 2.83e+03 |
| total/epochs                   | 6        |
| total/steps                    | 1.2e+05  |
| total/steps_per_second         | 274      |
| train/loss_actor               | -145     |
| train/loss_critic              | 236      |
| train/param_noise_distance     | 0.69     |
---------------------------------------------

---------------------------------------------
| obs_rms_mean                   | 0        |
| obs_rms_std                    | 1        |
| param_noise_stddev             | 0.0538   |
| reference_action_mean          | 0.0236   |
| reference_action_std           | 0.945    |
| reference_actor_Q_mean         | 198      |
| reference_actor_Q_std          | 48.5     |
| reference_perturbed_action_... | -0.00751 |
| reference_perturbed_action_std | 0.95     |
| reference_Q_mean               | 181      |
| reference_Q_std                | 54.2     |
| rollout/actions_mean           | 0.443    |
| rollout/actions_std            | 0.699    |
| rollout/episode_steps          | 46.3     |
| rollout/episodes               | 3.02e+03 |
| rollout/Q_mean                 | 79.4     |
| rollout/return                 | 68.1     |
| rollout/return_history         | 198      |
| rollout/return_history_std     | 131      |
| rollout/return_std             | 126      |
| total/duration                 | 512      |
| total/episodes                 | 3.02e+03 |
| total/epochs                   | 7        |
| total/steps                    | 1.4e+05  |
| total/steps_per_second         | 274      |
| train/loss_actor               | -204     |
| train/loss_critic              | 274      |
| train/param_noise_distance     | 0.542    |
---------------------------------------------

---------------------------------------------
| obs_rms_mean                   | 0        |
| obs_rms_std                    | 1        |
| param_noise_stddev             | 0.0441   |
| reference_action_mean          | 0.0365   |
| reference_action_std           | 0.963    |
| reference_actor_Q_mean         | 248      |
| reference_actor_Q_std          | 54       |
| reference_perturbed_action_... | 0.158    |
| reference_perturbed_action_std | 0.916    |
| reference_Q_mean               | 229      |
| reference_Q_std                | 68.8     |
| rollout/actions_mean           | 0.401    |
| rollout/actions_std            | 0.721    |
| rollout/episode_steps          | 49.9     |
| rollout/episodes               | 3.21e+03 |
| rollout/Q_mean                 | 101      |
| rollout/return                 | 77.6     |
| rollout/return_history         | 245      |
| rollout/return_history_std     | 43.1     |
| rollout/return_std             | 130      |
| total/duration                 | 577      |
| total/episodes                 | 3.21e+03 |
| total/epochs                   | 8        |
| total/steps                    | 1.6e+05  |
| total/steps_per_second         | 277      |
| train/loss_actor               | -252     |
| train/loss_critic              | 512      |
| train/param_noise_distance     | 0.485    |
---------------------------------------------

---------------------------------------------
| obs_rms_mean                   | 0        |
| obs_rms_std                    | 1        |
| param_noise_stddev             | 0.0361   |
| reference_action_mean          | -0.00892 |
| reference_action_std           | 0.957    |
| reference_actor_Q_mean         | 290      |
| reference_actor_Q_std          | 57.1     |
| reference_perturbed_action_... | -0.0357  |
| reference_perturbed_action_std | 0.95     |
| reference_Q_mean               | 274      |
| reference_Q_std                | 73.7     |
| rollout/actions_mean           | 0.363    |
| rollout/actions_std            | 0.733    |
| rollout/episode_steps          | 53.5     |
| rollout/episodes               | 3.36e+03 |
| rollout/Q_mean                 | 119      |
| rollout/return                 | 86.8     |
| rollout/return_history         | 281      |
| rollout/return_history_std     | 51.1     |
| rollout/return_std             | 134      |
| total/duration                 | 638      |
| total/episodes                 | 3.36e+03 |
| total/epochs                   | 9        |
| total/steps                    | 1.8e+05  |
| total/steps_per_second         | 282      |
| train/loss_actor               | -292     |
| train/loss_critic              | 415      |
| train/param_noise_distance     | 0.394    |
---------------------------------------------

---------------------------------------------
| obs_rms_mean                   | 0        |
| obs_rms_std                    | 1        |
| param_noise_stddev             | 0.0296   |
| reference_action_mean          | -0.0444  |
| reference_action_std           | 0.964    |
| reference_actor_Q_mean         | 326      |
| reference_actor_Q_std          | 66.5     |
| reference_perturbed_action_... | -0.137   |
| reference_perturbed_action_std | 0.948    |
| reference_Q_mean               | 303      |
| reference_Q_std                | 88.7     |
| rollout/actions_mean           | 0.333    |
| rollout/actions_std            | 0.739    |
| rollout/episode_steps          | 56.8     |
| rollout/episodes               | 3.52e+03 |
| rollout/Q_mean                 | 136      |
| rollout/return                 | 95.2     |
| rollout/return_history         | 276      |
| rollout/return_history_std     | 40.6     |
| rollout/return_std             | 137      |
| total/duration                 | 704      |
| total/episodes                 | 3.52e+03 |
| total/epochs                   | 10       |
| total/steps                    | 2e+05    |
| total/steps_per_second         | 284      |
| train/loss_actor               | -306     |
| train/loss_critic              | 642      |
| train/param_noise_distance     | 0.32     |
---------------------------------------------

---------------------------------------------
| obs_rms_mean                   | 0        |
| obs_rms_std                    | 1        |
| param_noise_stddev             | 0.0243   |
| reference_action_mean          | 0.144    |
| reference_action_std           | 0.956    |
| reference_actor_Q_mean         | 350      |
| reference_actor_Q_std          | 66.2     |
| reference_perturbed_action_... | 0.079    |
| reference_perturbed_action_std | 0.97     |
| reference_Q_mean               | 325      |
| reference_Q_std                | 88.5     |
| rollout/actions_mean           | 0.32     |
| rollout/actions_std            | 0.742    |
| rollout/episode_steps          | 59.3     |
| rollout/episodes               | 3.71e+03 |
| rollout/Q_mean                 | 150      |
| rollout/return                 | 102      |
| rollout/return_history         | 224      |
| rollout/return_history_std     | 47.8     |
| rollout/return_std             | 137      |
| total/duration                 | 769      |
| total/episodes                 | 3.71e+03 |
| total/epochs                   | 11       |
| total/steps                    | 2.2e+05  |
| total/steps_per_second         | 286      |
| train/loss_actor               | -323     |
| train/loss_critic              | 509      |
| train/param_noise_distance     | 0.276    |
---------------------------------------------

---------------------------------------------
| obs_rms_mean                   | 0        |
| obs_rms_std                    | 1        |
| param_noise_stddev             | 0.0207   |
| reference_action_mean          | 0.18     |
| reference_action_std           | 0.953    |
| reference_actor_Q_mean         | 368      |
| reference_actor_Q_std          | 75       |
| reference_perturbed_action_... | 0.109    |
| reference_perturbed_action_std | 0.965    |
| reference_Q_mean               | 350      |
| reference_Q_std                | 93.4     |
| rollout/actions_mean           | 0.326    |
| rollout/actions_std            | 0.745    |
| rollout/episode_steps          | 61.3     |
| rollout/episodes               | 3.92e+03 |
| rollout/Q_mean                 | 164      |
| rollout/return                 | 108      |
| rollout/return_history         | 195      |
| rollout/return_history_std     | 47.1     |
| rollout/return_std             | 136      |
| total/duration                 | 833      |
| total/episodes                 | 3.92e+03 |
| total/epochs                   | 12       |
| total/steps                    | 2.4e+05  |
| total/steps_per_second         | 288      |
| train/loss_actor               | -335     |
| train/loss_critic              | 371      |
| train/param_noise_distance     | 0.274    |
---------------------------------------------

---------------------------------------------
| obs_rms_mean                   | 0        |
| obs_rms_std                    | 1        |
| param_noise_stddev             | 0.0187   |
| reference_action_mean          | 0.00785  |
| reference_action_std           | 0.96     |
| reference_actor_Q_mean         | 378      |
| reference_actor_Q_std          | 80.3     |
| reference_perturbed_action_... | 0.0174   |
| reference_perturbed_action_std | 0.957    |
| reference_Q_mean               | 353      |
| reference_Q_std                | 108      |
| rollout/actions_mean           | 0.324    |
| rollout/actions_std            | 0.753    |
| rollout/episode_steps          | 64       |
| rollout/episodes               | 4.06e+03 |
| rollout/Q_mean                 | 178      |
| rollout/return                 | 113      |
| rollout/return_history         | 292      |
| rollout/return_history_std     | 209      |
| rollout/return_std             | 141      |
| total/duration                 | 892      |
| total/episodes                 | 4.06e+03 |
| total/epochs                   | 13       |
| total/steps                    | 2.6e+05  |
| total/steps_per_second         | 291      |
| train/loss_actor               | -352     |
| train/loss_critic              | 475      |
| train/param_noise_distance     | 0.236    |
---------------------------------------------

---------------------------------------------
| obs_rms_mean                   | 0        |
| obs_rms_std                    | 1        |
| param_noise_stddev             | 0.017    |
| reference_action_mean          | -0.137   |
| reference_action_std           | 0.968    |
| reference_actor_Q_mean         | 388      |
| reference_actor_Q_std          | 71       |
| reference_perturbed_action_... | -0.0674  |
| reference_perturbed_action_std | 0.97     |
| reference_Q_mean               | 372      |
| reference_Q_std                | 96.7     |
| rollout/actions_mean           | 0.306    |
| rollout/actions_std            | 0.767    |
| rollout/episode_steps          | 67.3     |
| rollout/episodes               | 4.16e+03 |
| rollout/Q_mean                 | 191      |
| rollout/return                 | 121      |
| rollout/return_history         | 428      |
| rollout/return_history_std     | 201      |
| rollout/return_std             | 149      |
| total/duration                 | 956      |
| total/episodes                 | 4.16e+03 |
| total/epochs                   | 14       |
| total/steps                    | 2.8e+05  |
| total/steps_per_second         | 293      |
| train/loss_actor               | -355     |
| train/loss_critic              | 461      |
| train/param_noise_distance     | 0.388    |
---------------------------------------------

---------------------------------------------
| obs_rms_mean                   | 0        |
| obs_rms_std                    | 1        |
| param_noise_stddev             | 0.0166   |
| reference_action_mean          | 0.0759   |
| reference_action_std           | 0.969    |
| reference_actor_Q_mean         | 386      |
| reference_actor_Q_std          | 70.2     |
| reference_perturbed_action_... | 0.151    |
| reference_perturbed_action_std | 0.961    |
| reference_Q_mean               | 367      |
| reference_Q_std                | 96.4     |
| rollout/actions_mean           | 0.294    |
| rollout/actions_std            | 0.777    |
| rollout/episode_steps          | 70.6     |
| rollout/episodes               | 4.25e+03 |
| rollout/Q_mean                 | 203      |
| rollout/return                 | 127      |
| rollout/return_history         | 435      |
| rollout/return_history_std     | 188      |
| rollout/return_std             | 157      |
| total/duration                 | 1.01e+03 |
| total/episodes                 | 4.25e+03 |
| total/epochs                   | 15       |
| total/steps                    | 3e+05    |
| total/steps_per_second         | 296      |
| train/loss_actor               | -353     |
| train/loss_critic              | 584      |
| train/param_noise_distance     | 0.248    |
---------------------------------------------

---------------------------------------------
| obs_rms_mean                   | 0        |
| obs_rms_std                    | 1        |
| param_noise_stddev             | 0.0154   |
| reference_action_mean          | 0.107    |
| reference_action_std           | 0.964    |
| reference_actor_Q_mean         | 394      |
| reference_actor_Q_std          | 74.7     |
| reference_perturbed_action_... | 0.124    |
| reference_perturbed_action_std | 0.964    |
| reference_Q_mean               | 368      |
| reference_Q_std                | 107      |
| rollout/actions_mean           | 0.281    |
| rollout/actions_std            | 0.785    |
| rollout/episode_steps          | 72.6     |
| rollout/episodes               | 4.41e+03 |
| rollout/Q_mean                 | 210      |
| rollout/return                 | 132      |
| rollout/return_history         | 275      |
| rollout/return_history_std     | 45.2     |
| rollout/return_std             | 157      |
| total/duration                 | 1.08e+03 |
| total/episodes                 | 4.41e+03 |
| total/epochs                   | 16       |
| total/steps                    | 3.2e+05  |
| total/steps_per_second         | 296      |
| train/loss_actor               | -348     |
| train/loss_critic              | 348      |
| train/param_noise_distance     | 0.135    |
---------------------------------------------

---------------------------------------------
| obs_rms_mean                   | 0        |
| obs_rms_std                    | 1        |
| param_noise_stddev             | 0.0154   |
| reference_action_mean          | 0.0975   |
| reference_action_std           | 0.967    |
| reference_actor_Q_mean         | 404      |
| reference_actor_Q_std          | 77.5     |
| reference_perturbed_action_... | 0.00349  |
| reference_perturbed_action_std | 0.963    |
| reference_Q_mean               | 375      |
| reference_Q_std                | 115      |
| rollout/actions_mean           | 0.272    |
| rollout/actions_std            | 0.793    |
| rollout/episode_steps          | 74.6     |
| rollout/episodes               | 4.56e+03 |
| rollout/Q_mean                 | 216      |
| rollout/return                 | 138      |
| rollout/return_history         | 299      |
| rollout/return_history_std     | 39.2     |
| rollout/return_std             | 157      |
| total/duration                 | 1.14e+03 |
| total/episodes                 | 4.56e+03 |
| total/epochs                   | 17       |
| total/steps                    | 3.4e+05  |
| total/steps_per_second         | 298      |
| train/loss_actor               | -351     |
| train/loss_critic              | 415      |
| train/param_noise_distance     | 0.213    |
---------------------------------------------

---------------------------------------------
| obs_rms_mean                   | 0        |
| obs_rms_std                    | 1        |
| param_noise_stddev             | 0.0157   |
| reference_action_mean          | 0.068    |
| reference_action_std           | 0.962    |
| reference_actor_Q_mean         | 405      |
| reference_actor_Q_std          | 80.9     |
| reference_perturbed_action_... | 0.17     |
| reference_perturbed_action_std | 0.933    |
| reference_Q_mean               | 379      |
| reference_Q_std                | 114      |
| rollout/actions_mean           | 0.263    |
| rollout/actions_std            | 0.798    |
| rollout/episode_steps          | 76.3     |
| rollout/episodes               | 4.72e+03 |
| rollout/Q_mean                 | 221      |
| rollout/return                 | 143      |
| rollout/return_history         | 288      |
| rollout/return_history_std     | 59.5     |
| rollout/return_std             | 157      |
| total/duration                 | 1.21e+03 |
| total/episodes                 | 4.72e+03 |
| total/epochs                   | 18       |
| total/steps                    | 3.6e+05  |
| total/steps_per_second         | 298      |
| train/loss_actor               | -352     |
| train/loss_critic              | 482      |
| train/param_noise_distance     | 0.192    |
---------------------------------------------

---------------------------------------------
| obs_rms_mean                   | 0        |
| obs_rms_std                    | 1        |
| param_noise_stddev             | 0.0163   |
| reference_action_mean          | 0.0139   |
| reference_action_std           | 0.955    |
| reference_actor_Q_mean         | 398      |
| reference_actor_Q_std          | 76.4     |
| reference_perturbed_action_... | 0.0479   |
| reference_perturbed_action_std | 0.959    |
| reference_Q_mean               | 375      |
| reference_Q_std                | 105      |
| rollout/actions_mean           | 0.259    |
| rollout/actions_std            | 0.802    |
| rollout/episode_steps          | 78.2     |
| rollout/episodes               | 4.86e+03 |
| rollout/Q_mean                 | 225      |
| rollout/return                 | 148      |
| rollout/return_history         | 344      |
| rollout/return_history_std     | 91.3     |
| rollout/return_std             | 159      |
| total/duration                 | 1.27e+03 |
| total/episodes                 | 4.86e+03 |
| total/epochs                   | 19       |
| total/steps                    | 3.8e+05  |
| total/steps_per_second         | 300      |
| train/loss_actor               | -331     |
| train/loss_critic              | 425      |
| train/param_noise_distance     | 0.185    |
---------------------------------------------

---------------------------------------------
| obs_rms_mean                   | 0        |
| obs_rms_std                    | 1        |
| param_noise_stddev             | 0.016    |
| reference_action_mean          | 0.198    |
| reference_action_std           | 0.91     |
| reference_actor_Q_mean         | 399      |
| reference_actor_Q_std          | 66.2     |
| reference_perturbed_action_... | 0.163    |
| reference_perturbed_action_std | 0.939    |
| reference_Q_mean               | 380      |
| reference_Q_std                | 94.9     |
| rollout/actions_mean           | 0.255    |
| rollout/actions_std            | 0.808    |
| rollout/episode_steps          | 80.3     |
| rollout/episodes               | 4.98e+03 |
| rollout/Q_mean                 | 231      |
| rollout/return                 | 155      |
| rollout/return_history         | 413      |
| rollout/return_history_std     | 125      |
| rollout/return_std             | 163      |
| total/duration                 | 1.33e+03 |
| total/episodes                 | 4.98e+03 |
| total/epochs                   | 20       |
| total/steps                    | 4e+05    |
| total/steps_per_second         | 301      |
| train/loss_actor               | -332     |
| train/loss_critic              | 369      |
| train/param_noise_distance     | 0.277    |
---------------------------------------------

---------------------------------------------
| obs_rms_mean                   | 0        |
| obs_rms_std                    | 1        |
| param_noise_stddev             | 0.0148   |
| reference_action_mean          | 0.184    |
| reference_action_std           | 0.938    |
| reference_actor_Q_mean         | 382      |
| reference_actor_Q_std          | 87.5     |
| reference_perturbed_action_... | 0.277    |
| reference_perturbed_action_std | 0.92     |
| reference_Q_mean               | 365      |
| reference_Q_std                | 108      |
| rollout/actions_mean           | 0.251    |
| rollout/actions_std            | 0.813    |
| rollout/episode_steps          | 82.3     |
| rollout/episodes               | 5.1e+03  |
| rollout/Q_mean                 | 236      |
| rollout/return                 | 161      |
| rollout/return_history         | 427      |
| rollout/return_history_std     | 113      |
| rollout/return_std             | 167      |
| total/duration                 | 1.39e+03 |
| total/episodes                 | 5.1e+03  |
| total/epochs                   | 21       |
| total/steps                    | 4.2e+05  |
| total/steps_per_second         | 301      |
| train/loss_actor               | -323     |
| train/loss_critic              | 465      |
| train/param_noise_distance     | 0.376    |
---------------------------------------------

---------------------------------------------
| obs_rms_mean                   | 0        |
| obs_rms_std                    | 1        |
| param_noise_stddev             | 0.0142   |
| reference_action_mean          | 0.363    |
| reference_action_std           | 0.875    |
| reference_actor_Q_mean         | 387      |
| reference_actor_Q_std          | 90.2     |
| reference_perturbed_action_... | 0.316    |
| reference_perturbed_action_std | 0.894    |
| reference_Q_mean               | 369      |
| reference_Q_std                | 110      |
| rollout/actions_mean           | 0.249    |
| rollout/actions_std            | 0.817    |
| rollout/episode_steps          | 84.2     |
| rollout/episodes               | 5.23e+03 |
| rollout/Q_mean                 | 238      |
| rollout/return                 | 168      |
| rollout/return_history         | 460      |
| rollout/return_history_std     | 54.8     |
| rollout/return_std             | 172      |
| total/duration                 | 1.46e+03 |
| total/episodes                 | 5.23e+03 |
| total/epochs                   | 22       |
| total/steps                    | 4.4e+05  |
| total/steps_per_second         | 302      |
| train/loss_actor               | -323     |
| train/loss_critic              | 283      |
| train/param_noise_distance     | 0.206    |
---------------------------------------------

---------------------------------------------
| obs_rms_mean                   | 0        |
| obs_rms_std                    | 1        |
| param_noise_stddev             | 0.0154   |
| reference_action_mean          | 0.186    |
| reference_action_std           | 0.95     |
| reference_actor_Q_mean         | 404      |
| reference_actor_Q_std          | 68.4     |
| reference_perturbed_action_... | 0.238    |
| reference_perturbed_action_std | 0.934    |
| reference_Q_mean               | 384      |
| reference_Q_std                | 100      |
| rollout/actions_mean           | 0.246    |
| rollout/actions_std            | 0.822    |
| rollout/episode_steps          | 85.8     |
| rollout/episodes               | 5.36e+03 |
| rollout/Q_mean                 | 240      |
| rollout/return                 | 174      |
| rollout/return_history         | 381      |
| rollout/return_history_std     | 109      |
| rollout/return_std             | 174      |
| total/duration                 | 1.51e+03 |
| total/episodes                 | 5.36e+03 |
| total/epochs                   | 23       |
| total/steps                    | 4.6e+05  |
| total/steps_per_second         | 304      |
| train/loss_actor               | -320     |
| train/loss_critic              | 279      |
| train/param_noise_distance     | 0.195    |
---------------------------------------------

---------------------------------------------
| obs_rms_mean                   | 0        |
| obs_rms_std                    | 1        |
| param_noise_stddev             | 0.0154   |
| reference_action_mean          | 0.435    |
| reference_action_std           | 0.84     |
| reference_actor_Q_mean         | 393      |
| reference_actor_Q_std          | 83.9     |
| reference_perturbed_action_... | 0.381    |
| reference_perturbed_action_std | 0.855    |
| reference_Q_mean               | 373      |
| reference_Q_std                | 111      |
| rollout/actions_mean           | 0.244    |
| rollout/actions_std            | 0.824    |
| rollout/episode_steps          | 87.1     |
| rollout/episodes               | 5.51e+03 |
| rollout/Q_mean                 | 241      |
| rollout/return                 | 178      |
| rollout/return_history         | 275      |
| rollout/return_history_std     | 41.6     |
| rollout/return_std             | 174      |
| total/duration                 | 1.58e+03 |
| total/episodes                 | 5.51e+03 |
| total/epochs                   | 24       |
| total/steps                    | 4.8e+05  |
| total/steps_per_second         | 303      |
| train/loss_actor               | -319     |
| train/loss_critic              | 211      |
| train/param_noise_distance     | 0.202    |
---------------------------------------------

---------------------------------------------
| obs_rms_mean                   | 0        |
| obs_rms_std                    | 1        |
| param_noise_stddev             | 0.0142   |
| reference_action_mean          | 0.122    |
| reference_action_std           | 0.97     |
| reference_actor_Q_mean         | 377      |
| reference_actor_Q_std          | 80.9     |
| reference_perturbed_action_... | 0.159    |
| reference_perturbed_action_std | 0.956    |
| reference_Q_mean               | 356      |
| reference_Q_std                | 105      |
| rollout/actions_mean           | 0.239    |
| rollout/actions_std            | 0.825    |
| rollout/episode_steps          | 88.1     |
| rollout/episodes               | 5.68e+03 |
| rollout/Q_mean                 | 241      |
| rollout/return                 | 181      |
| rollout/return_history         | 262      |
| rollout/return_history_std     | 18.2     |
| rollout/return_std             | 172      |
| total/duration                 | 1.64e+03 |
| total/episodes                 | 5.68e+03 |
| total/epochs                   | 25       |
| total/steps                    | 5e+05    |
| total/steps_per_second         | 305      |
| train/loss_actor               | -316     |
| train/loss_critic              | 312      |
| train/param_noise_distance     | 0.284    |
---------------------------------------------

---------------------------------------------
| obs_rms_mean                   | 0        |
| obs_rms_std                    | 1        |
| param_noise_stddev             | 0.0139   |
| reference_action_mean          | 0.0261   |
| reference_action_std           | 0.964    |
| reference_actor_Q_mean         | 370      |
| reference_actor_Q_std          | 79.8     |
| reference_perturbed_action_... | -0.0253  |
| reference_perturbed_action_std | 0.961    |
| reference_Q_mean               | 352      |
| reference_Q_std                | 105      |
| rollout/actions_mean           | 0.229    |
| rollout/actions_std            | 0.827    |
| rollout/episode_steps          | 89       |
| rollout/episodes               | 5.84e+03 |
| rollout/Q_mean                 | 242      |
| rollout/return                 | 183      |
| rollout/return_history         | 271      |
| rollout/return_history_std     | 60.1     |
| rollout/return_std             | 171      |
| total/duration                 | 1.71e+03 |
| total/episodes                 | 5.84e+03 |
| total/epochs                   | 26       |
| total/steps                    | 5.2e+05  |
| total/steps_per_second         | 304      |
| train/loss_actor               | -306     |
| train/loss_critic              | 347      |
| train/param_noise_distance     | 0.123    |
---------------------------------------------

---------------------------------------------
| obs_rms_mean                   | 0        |
| obs_rms_std                    | 1        |
| param_noise_stddev             | 0.0142   |
| reference_action_mean          | -0.0519  |
| reference_action_std           | 0.959    |
| reference_actor_Q_mean         | 363      |
| reference_actor_Q_std          | 75.7     |
| reference_perturbed_action_... | -0.0644  |
| reference_perturbed_action_std | 0.964    |
| reference_Q_mean               | 343      |
| reference_Q_std                | 102      |
| rollout/actions_mean           | 0.224    |
| rollout/actions_std            | 0.829    |
| rollout/episode_steps          | 90.7     |
| rollout/episodes               | 5.95e+03 |
| rollout/Q_mean                 | 244      |
| rollout/return                 | 188      |
| rollout/return_history         | 432      |
| rollout/return_history_std     | 140      |
| rollout/return_std             | 173      |
| total/duration                 | 1.77e+03 |
| total/episodes                 | 5.95e+03 |
| total/epochs                   | 27       |
| total/steps                    | 5.4e+05  |
| total/steps_per_second         | 304      |
| train/loss_actor               | -308     |
| train/loss_critic              | 311      |
| train/param_noise_distance     | 0.195    |
---------------------------------------------

---------------------------------------------
| obs_rms_mean                   | 0        |
| obs_rms_std                    | 1        |
| param_noise_stddev             | 0.0148   |
| reference_action_mean          | 0.438    |
| reference_action_std           | 0.839    |
| reference_actor_Q_mean         | 357      |
| reference_actor_Q_std          | 77.3     |
| reference_perturbed_action_... | 0.386    |
| reference_perturbed_action_std | 0.853    |
| reference_Q_mean               | 337      |
| reference_Q_std                | 103      |
| rollout/actions_mean           | 0.222    |
| rollout/actions_std            | 0.829    |
| rollout/episode_steps          | 91.9     |
| rollout/episodes               | 6.1e+03  |
| rollout/Q_mean                 | 245      |
| rollout/return                 | 191      |
| rollout/return_history         | 304      |
| rollout/return_history_std     | 98       |
| rollout/return_std             | 174      |
| total/duration                 | 1.83e+03 |
| total/episodes                 | 6.1e+03  |
| total/epochs                   | 28       |
| total/steps                    | 5.6e+05  |
| total/steps_per_second         | 306      |
| train/loss_actor               | -307     |
| train/loss_critic              | 314      |
| train/param_noise_distance     | 0.201    |
---------------------------------------------

---------------------------------------------
| obs_rms_mean                   | 0        |
| obs_rms_std                    | 1        |
| param_noise_stddev             | 0.0154   |
| reference_action_mean          | 0.338    |
| reference_action_std           | 0.877    |
| reference_actor_Q_mean         | 355      |
| reference_actor_Q_std          | 74.7     |
| reference_perturbed_action_... | 0.461    |
| reference_perturbed_action_std | 0.843    |
| reference_Q_mean               | 339      |
| reference_Q_std                | 95.6     |
| rollout/actions_mean           | 0.219    |
| rollout/actions_std            | 0.829    |
| rollout/episode_steps          | 92.8     |
| rollout/episodes               | 6.25e+03 |
| rollout/Q_mean                 | 246      |
| rollout/return                 | 194      |
| rollout/return_history         | 291      |
| rollout/return_history_std     | 91.8     |
| rollout/return_std             | 173      |
| total/duration                 | 1.9e+03  |
| total/episodes                 | 6.25e+03 |
| total/epochs                   | 29       |
| total/steps                    | 5.8e+05  |
| total/steps_per_second         | 305      |
| train/loss_actor               | -302     |
| train/loss_critic              | 226      |
| train/param_noise_distance     | 0.191    |
---------------------------------------------

---------------------------------------------
| obs_rms_mean                   | 0        |
| obs_rms_std                    | 1        |
| param_noise_stddev             | 0.0163   |
| reference_action_mean          | 0.143    |
| reference_action_std           | 0.944    |
| reference_actor_Q_mean         | 352      |
| reference_actor_Q_std          | 77.3     |
| reference_perturbed_action_... | 0.196    |
| reference_perturbed_action_std | 0.945    |
| reference_Q_mean               | 333      |
| reference_Q_std                | 103      |
| rollout/actions_mean           | 0.219    |
| rollout/actions_std            | 0.829    |
| rollout/episode_steps          | 93.7     |
| rollout/episodes               | 6.4e+03  |
| rollout/Q_mean                 | 246      |
| rollout/return                 | 197      |
| rollout/return_history         | 294      |
| rollout/return_history_std     | 64.7     |
| rollout/return_std             | 173      |
| total/duration                 | 1.97e+03 |
| total/episodes                 | 6.4e+03  |
| total/epochs                   | 30       |
| total/steps                    | 6e+05    |
| total/steps_per_second         | 305      |
| train/loss_actor               | -300     |
| train/loss_critic              | 156      |
| train/param_noise_distance     | 0.225    |
---------------------------------------------

---------------------------------------------
| obs_rms_mean                   | 0        |
| obs_rms_std                    | 1        |
| param_noise_stddev             | 0.0148   |
| reference_action_mean          | 0.168    |
| reference_action_std           | 0.942    |
| reference_actor_Q_mean         | 346      |
| reference_actor_Q_std          | 75.4     |
| reference_perturbed_action_... | 0.16     |
| reference_perturbed_action_std | 0.949    |
| reference_Q_mean               | 327      |
| reference_Q_std                | 102      |
| rollout/actions_mean           | 0.218    |
| rollout/actions_std            | 0.83     |
| rollout/episode_steps          | 94.5     |
| rollout/episodes               | 6.56e+03 |
| rollout/Q_mean                 | 247      |
| rollout/return                 | 199      |
| rollout/return_history         | 298      |
| rollout/return_history_std     | 74.1     |
| rollout/return_std             | 172      |
| total/duration                 | 2.03e+03 |
| total/episodes                 | 6.56e+03 |
| total/epochs                   | 31       |
| total/steps                    | 6.2e+05  |
| total/steps_per_second         | 306      |
| train/loss_actor               | -291     |
| train/loss_critic              | 360      |
| train/param_noise_distance     | 0.188    |
---------------------------------------------

---------------------------------------------
| obs_rms_mean                   | 0        |
| obs_rms_std                    | 1        |
| param_noise_stddev             | 0.0136   |
| reference_action_mean          | 0.103    |
| reference_action_std           | 0.967    |
| reference_actor_Q_mean         | 335      |
| reference_actor_Q_std          | 79.3     |
| reference_perturbed_action_... | 0.224    |
| reference_perturbed_action_std | 0.935    |
| reference_Q_mean               | 320      |
| reference_Q_std                | 97.2     |
| rollout/actions_mean           | 0.218    |
| rollout/actions_std            | 0.83     |
| rollout/episode_steps          | 95.5     |
| rollout/episodes               | 6.7e+03  |
| rollout/Q_mean                 | 247      |
| rollout/return                 | 203      |
| rollout/return_history         | 366      |
| rollout/return_history_std     | 88.4     |
| rollout/return_std             | 172      |
| total/duration                 | 2.09e+03 |
| total/episodes                 | 6.7e+03  |
| total/epochs                   | 32       |
| total/steps                    | 6.4e+05  |
| total/steps_per_second         | 306      |
| train/loss_actor               | -284     |
| train/loss_critic              | 199      |
| train/param_noise_distance     | 0.23     |
---------------------------------------------

---------------------------------------------
| obs_rms_mean                   | 0        |
| obs_rms_std                    | 1        |
| param_noise_stddev             | 0.0134   |
| reference_action_mean          | 0.00261  |
| reference_action_std           | 0.981    |
| reference_actor_Q_mean         | 334      |
| reference_actor_Q_std          | 71.8     |
| reference_perturbed_action_... | 0.0919   |
| reference_perturbed_action_std | 0.969    |
| reference_Q_mean               | 317      |
| reference_Q_std                | 93.7     |
| rollout/actions_mean           | 0.218    |
| rollout/actions_std            | 0.83     |
| rollout/episode_steps          | 96.5     |
| rollout/episodes               | 6.84e+03 |
| rollout/Q_mean                 | 248      |
| rollout/return                 | 206      |
| rollout/return_history         | 372      |
| rollout/return_history_std     | 112      |
| rollout/return_std             | 173      |
| total/duration                 | 2.16e+03 |
| total/episodes                 | 6.84e+03 |
| total/epochs                   | 33       |
| total/steps                    | 6.6e+05  |
| total/steps_per_second         | 305      |
| train/loss_actor               | -274     |
| train/loss_critic              | 283      |
| train/param_noise_distance     | 0.172    |
---------------------------------------------

---------------------------------------------
| obs_rms_mean                   | 0        |
| obs_rms_std                    | 1        |
| param_noise_stddev             | 0.0126   |
| reference_action_mean          | -0.0641  |
| reference_action_std           | 0.986    |
| reference_actor_Q_mean         | 329      |
| reference_actor_Q_std          | 69.2     |
| reference_perturbed_action_... | -0.119   |
| reference_perturbed_action_std | 0.976    |
| reference_Q_mean               | 314      |
| reference_Q_std                | 85.8     |
| rollout/actions_mean           | 0.218    |
| rollout/actions_std            | 0.83     |
| rollout/episode_steps          | 97.4     |
| rollout/episodes               | 6.98e+03 |
| rollout/Q_mean                 | 248      |
| rollout/return                 | 210      |
| rollout/return_history         | 356      |
| rollout/return_history_std     | 98.5     |
| rollout/return_std             | 173      |
| total/duration                 | 2.22e+03 |
| total/episodes                 | 6.98e+03 |
| total/epochs                   | 34       |
| total/steps                    | 6.8e+05  |
| total/steps_per_second         | 306      |
| train/loss_actor               | -268     |
| train/loss_critic              | 123      |
| train/param_noise_distance     | 0.207    |
---------------------------------------------

---------------------------------------------
| obs_rms_mean                   | 0        |
| obs_rms_std                    | 1        |
| param_noise_stddev             | 0.0123   |
| reference_action_mean          | -0.0406  |
| reference_action_std           | 0.983    |
| reference_actor_Q_mean         | 320      |
| reference_actor_Q_std          | 69.3     |
| reference_perturbed_action_... | -0.0346  |
| reference_perturbed_action_std | 0.978    |
| reference_Q_mean               | 306      |
| reference_Q_std                | 87.2     |
| rollout/actions_mean           | 0.216    |
| rollout/actions_std            | 0.831    |
| rollout/episode_steps          | 98.8     |
| rollout/episodes               | 7.08e+03 |
| rollout/Q_mean                 | 249      |
| rollout/return                 | 214      |
| rollout/return_history         | 517      |
| rollout/return_history_std     | 163      |
| rollout/return_std             | 177      |
| total/duration                 | 2.29e+03 |
| total/episodes                 | 7.08e+03 |
| total/epochs                   | 35       |
| total/steps                    | 7e+05    |
| total/steps_per_second         | 306      |
| train/loss_actor               | -260     |
| train/loss_critic              | 276      |
| train/param_noise_distance     | 0.218    |
---------------------------------------------

---------------------------------------------
| obs_rms_mean                   | 0        |
| obs_rms_std                    | 1        |
| param_noise_stddev             | 0.0126   |
| reference_action_mean          | 0.0858   |
| reference_action_std           | 0.969    |
| reference_actor_Q_mean         | 303      |
| reference_actor_Q_std          | 73.1     |
| reference_perturbed_action_... | 0.13     |
| reference_perturbed_action_std | 0.957    |
| reference_Q_mean               | 293      |
| reference_Q_std                | 82.4     |
| rollout/actions_mean           | 0.215    |
| rollout/actions_std            | 0.833    |
| rollout/episode_steps          | 100      |
| rollout/episodes               | 7.19e+03 |
| rollout/Q_mean                 | 249      |
| rollout/return                 | 217      |
| rollout/return_history         | 424      |
| rollout/return_history_std     | 239      |
| rollout/return_std             | 179      |
| total/duration                 | 2.35e+03 |
| total/episodes                 | 7.19e+03 |
| total/epochs                   | 36       |
| total/steps                    | 7.2e+05  |
| total/steps_per_second         | 307      |
| train/loss_actor               | -257     |
| train/loss_critic              | 228      |
| train/param_noise_distance     | 0.186    |
---------------------------------------------

---------------------------------------------
| obs_rms_mean                   | 0        |
| obs_rms_std                    | 1        |
| param_noise_stddev             | 0.0126   |
| reference_action_mean          | -0.166   |
| reference_action_std           | 0.946    |
| reference_actor_Q_mean         | 299      |
| reference_actor_Q_std          | 66.9     |
| reference_perturbed_action_... | -0.395   |
| reference_perturbed_action_std | 0.89     |
| reference_Q_mean               | 289      |
| reference_Q_std                | 79       |
| rollout/actions_mean           | 0.215    |
| rollout/actions_std            | 0.834    |
| rollout/episode_steps          | 102      |
| rollout/episodes               | 7.29e+03 |
| rollout/Q_mean                 | 250      |
| rollout/return                 | 218      |
| rollout/return_history         | 321      |
| rollout/return_history_std     | 238      |
| rollout/return_std             | 181      |
| total/duration                 | 2.41e+03 |
| total/episodes                 | 7.29e+03 |
| total/epochs                   | 37       |
| total/steps                    | 7.4e+05  |
| total/steps_per_second         | 307      |
| train/loss_actor               | -252     |
| train/loss_critic              | 166      |
| train/param_noise_distance     | 0.191    |
---------------------------------------------

---------------------------------------------
| obs_rms_mean                   | 0        |
| obs_rms_std                    | 1        |
| param_noise_stddev             | 0.0126   |
| reference_action_mean          | 0.117    |
| reference_action_std           | 0.968    |
| reference_actor_Q_mean         | 291      |
| reference_actor_Q_std          | 67.6     |
| reference_perturbed_action_... | 0.0803   |
| reference_perturbed_action_std | 0.97     |
| reference_Q_mean               | 276      |
| reference_Q_std                | 81.9     |
| rollout/actions_mean           | 0.215    |
| rollout/actions_std            | 0.835    |
| rollout/episode_steps          | 103      |
| rollout/episodes               | 7.36e+03 |
| rollout/Q_mean                 | 251      |
| rollout/return                 | 222      |
| rollout/return_history         | 491      |
| rollout/return_history_std     | 365      |
| rollout/return_std             | 186      |
| total/duration                 | 2.5e+03  |
| total/episodes                 | 7.36e+03 |
| total/epochs                   | 38       |
| total/steps                    | 7.6e+05  |
| total/steps_per_second         | 303      |
| train/loss_actor               | -250     |
| train/loss_critic              | 186      |
| train/param_noise_distance     | 0.171    |
---------------------------------------------

---------------------------------------------
| obs_rms_mean                   | 0        |
| obs_rms_std                    | 1        |
| param_noise_stddev             | 0.0126   |
| reference_action_mean          | 0.0333   |
| reference_action_std           | 0.976    |
| reference_actor_Q_mean         | 298      |
| reference_actor_Q_std          | 66       |
| reference_perturbed_action_... | 0.0305   |
| reference_perturbed_action_std | 0.976    |
| reference_Q_mean               | 285      |
| reference_Q_std                | 80       |
| rollout/actions_mean           | 0.213    |
| rollout/actions_std            | 0.836    |
| rollout/episode_steps          | 104      |
| rollout/episodes               | 7.47e+03 |
| rollout/Q_mean                 | 251      |
| rollout/return                 | 225      |
| rollout/return_history         | 422      |
| rollout/return_history_std     | 150      |
| rollout/return_std             | 188      |
| total/duration                 | 2.57e+03 |
| total/episodes                 | 7.47e+03 |
| total/epochs                   | 39       |
| total/steps                    | 7.8e+05  |
| total/steps_per_second         | 304      |
| train/loss_actor               | -249     |
| train/loss_critic              | 127      |
| train/param_noise_distance     | 0.284    |
---------------------------------------------

---------------------------------------------
| obs_rms_mean                   | 0        |
| obs_rms_std                    | 1        |
| param_noise_stddev             | 0.0126   |
| reference_action_mean          | 0.102    |
| reference_action_std           | 0.976    |
| reference_actor_Q_mean         | 290      |
| reference_actor_Q_std          | 63.2     |
| reference_perturbed_action_... | 0.226    |
| reference_perturbed_action_std | 0.939    |
| reference_Q_mean               | 277      |
| reference_Q_std                | 83.6     |
| rollout/actions_mean           | 0.211    |
| rollout/actions_std            | 0.837    |
| rollout/episode_steps          | 105      |
| rollout/episodes               | 7.59e+03 |
| rollout/Q_mean                 | 251      |
| rollout/return                 | 228      |
| rollout/return_history         | 401      |
| rollout/return_history_std     | 145      |
| rollout/return_std             | 188      |
| total/duration                 | 2.63e+03 |
| total/episodes                 | 7.59e+03 |
| total/epochs                   | 40       |
| total/steps                    | 8e+05    |
| total/steps_per_second         | 304      |
| train/loss_actor               | -248     |
| train/loss_critic              | 155      |
| train/param_noise_distance     | 0.203    |
---------------------------------------------

---------------------------------------------
| obs_rms_mean                   | 0        |
| obs_rms_std                    | 1        |
| param_noise_stddev             | 0.0123   |
| reference_action_mean          | 0.12     |
| reference_action_std           | 0.981    |
| reference_actor_Q_mean         | 280      |
| reference_actor_Q_std          | 62.1     |
| reference_perturbed_action_... | 0.0295   |
| reference_perturbed_action_std | 0.964    |
| reference_Q_mean               | 265      |
| reference_Q_std                | 79.4     |
| rollout/actions_mean           | 0.209    |
| rollout/actions_std            | 0.838    |
| rollout/episode_steps          | 107      |
| rollout/episodes               | 7.67e+03 |
| rollout/Q_mean                 | 252      |
| rollout/return                 | 232      |
| rollout/return_history         | 544      |
| rollout/return_history_std     | 260      |
| rollout/return_std             | 193      |
| total/duration                 | 2.7e+03  |
| total/episodes                 | 7.67e+03 |
| total/epochs                   | 41       |
| total/steps                    | 8.2e+05  |
| total/steps_per_second         | 304      |
| train/loss_actor               | -246     |
| train/loss_critic              | 93.3     |
| train/param_noise_distance     | 0.211    |
---------------------------------------------

---------------------------------------------
| obs_rms_mean                   | 0        |
| obs_rms_std                    | 1        |
| param_noise_stddev             | 0.0114   |
| reference_action_mean          | 0.0628   |
| reference_action_std           | 0.986    |
| reference_actor_Q_mean         | 285      |
| reference_actor_Q_std          | 52.9     |
| reference_perturbed_action_... | 0.0329   |
| reference_perturbed_action_std | 0.985    |
| reference_Q_mean               | 271      |
| reference_Q_std                | 72       |
| rollout/actions_mean           | 0.206    |
| rollout/actions_std            | 0.839    |
| rollout/episode_steps          | 108      |
| rollout/episodes               | 7.75e+03 |
| rollout/Q_mean                 | 252      |
| rollout/return                 | 237      |
| rollout/return_history         | 726      |
| rollout/return_history_std     | 235      |
| rollout/return_std             | 199      |
| total/duration                 | 2.77e+03 |
| total/episodes                 | 7.75e+03 |
| total/epochs                   | 42       |
| total/steps                    | 8.4e+05  |
| total/steps_per_second         | 303      |
| train/loss_actor               | -246     |
| train/loss_critic              | 163      |
| train/param_noise_distance     | 0.125    |
---------------------------------------------

---------------------------------------------
| obs_rms_mean                   | 0        |
| obs_rms_std                    | 1        |
| param_noise_stddev             | 0.0116   |
| reference_action_mean          | -0.0356  |
| reference_action_std           | 0.984    |
| reference_actor_Q_mean         | 269      |
| reference_actor_Q_std          | 58.2     |
| reference_perturbed_action_... | -0.0219  |
| reference_perturbed_action_std | 0.983    |
| reference_Q_mean               | 258      |
| reference_Q_std                | 73.5     |
| rollout/actions_mean           | 0.205    |
| rollout/actions_std            | 0.839    |
| rollout/episode_steps          | 110      |
| rollout/episodes               | 7.82e+03 |
| rollout/Q_mean                 | 252      |
| rollout/return                 | 241      |
| rollout/return_history         | 741      |
| rollout/return_history_std     | 373      |
| rollout/return_std             | 208      |
| total/duration                 | 2.84e+03 |
| total/episodes                 | 7.82e+03 |
| total/epochs                   | 43       |
| total/steps                    | 8.6e+05  |
| total/steps_per_second         | 303      |
| train/loss_actor               | -243     |
| train/loss_critic              | 93.3     |
| train/param_noise_distance     | 0.188    |
---------------------------------------------

---------------------------------------------
| obs_rms_mean                   | 0        |
| obs_rms_std                    | 1        |
| param_noise_stddev             | 0.0119   |
| reference_action_mean          | 0.0364   |
| reference_action_std           | 0.976    |
| reference_actor_Q_mean         | 267      |
| reference_actor_Q_std          | 60.3     |
| reference_perturbed_action_... | 0.0353   |
| reference_perturbed_action_std | 0.981    |
| reference_Q_mean               | 254      |
| reference_Q_std                | 76.5     |
| rollout/actions_mean           | 0.206    |
| rollout/actions_std            | 0.84     |
| rollout/episode_steps          | 111      |
| rollout/episodes               | 7.89e+03 |
| rollout/Q_mean                 | 253      |
| rollout/return                 | 245      |
| rollout/return_history         | 661      |
| rollout/return_history_std     | 439      |
| rollout/return_std             | 215      |
| total/duration                 | 2.89e+03 |
| total/episodes                 | 7.89e+03 |
| total/epochs                   | 44       |
| total/steps                    | 8.8e+05  |
| total/steps_per_second         | 305      |
| train/loss_actor               | -241     |
| train/loss_critic              | 73.5     |
| train/param_noise_distance     | 0.164    |
---------------------------------------------

---------------------------------------------
| obs_rms_mean                   | 0        |
| obs_rms_std                    | 1        |
| param_noise_stddev             | 0.0121   |
| reference_action_mean          | 0.352    |
| reference_action_std           | 0.879    |
| reference_actor_Q_mean         | 261      |
| reference_actor_Q_std          | 56.6     |
| reference_perturbed_action_... | 0.295    |
| reference_perturbed_action_std | 0.899    |
| reference_Q_mean               | 247      |
| reference_Q_std                | 74.7     |
| rollout/actions_mean           | 0.206    |
| rollout/actions_std            | 0.841    |
| rollout/episode_steps          | 113      |
| rollout/episodes               | 7.96e+03 |
| rollout/Q_mean                 | 254      |
| rollout/return                 | 249      |
| rollout/return_history         | 774      |
| rollout/return_history_std     | 431      |
| rollout/return_std             | 223      |
| total/duration                 | 2.95e+03 |
| total/episodes                 | 7.96e+03 |
| total/epochs                   | 45       |
| total/steps                    | 9e+05    |
| total/steps_per_second         | 305      |
| train/loss_actor               | -238     |
| train/loss_critic              | 101      |
| train/param_noise_distance     | 0.225    |
---------------------------------------------

---------------------------------------------
| obs_rms_mean                   | 0        |
| obs_rms_std                    | 1        |
| param_noise_stddev             | 0.0136   |
| reference_action_mean          | 0.327    |
| reference_action_std           | 0.901    |
| reference_actor_Q_mean         | 263      |
| reference_actor_Q_std          | 61.5     |
| reference_perturbed_action_... | 0.367    |
| reference_perturbed_action_std | 0.869    |
| reference_Q_mean               | 250      |
| reference_Q_std                | 76.8     |
| rollout/actions_mean           | 0.204    |
| rollout/actions_std            | 0.841    |
| rollout/episode_steps          | 114      |
| rollout/episodes               | 8.07e+03 |
| rollout/Q_mean                 | 253      |
| rollout/return                 | 253      |
| rollout/return_history         | 492      |
| rollout/return_history_std     | 218      |
| rollout/return_std             | 225      |
| total/duration                 | 3.02e+03 |
| total/episodes                 | 8.07e+03 |
| total/epochs                   | 46       |
| total/steps                    | 9.2e+05  |
| total/steps_per_second         | 305      |
| train/loss_actor               | -239     |
| train/loss_critic              | 149      |
| train/param_noise_distance     | 0.169    |
---------------------------------------------

---------------------------------------------
| obs_rms_mean                   | 0        |
| obs_rms_std                    | 1        |
| param_noise_stddev             | 0.0128   |
| reference_action_mean          | 0.286    |
| reference_action_std           | 0.91     |
| reference_actor_Q_mean         | 266      |
| reference_actor_Q_std          | 56.5     |
| reference_perturbed_action_... | 0.0682   |
| reference_perturbed_action_std | 0.968    |
| reference_Q_mean               | 253      |
| reference_Q_std                | 75.9     |
| rollout/actions_mean           | 0.204    |
| rollout/actions_std            | 0.842    |
| rollout/episode_steps          | 114      |
| rollout/episodes               | 8.24e+03 |
| rollout/Q_mean                 | 252      |
| rollout/return                 | 254      |
| rollout/return_history         | 282      |
| rollout/return_history_std     | 57.7     |
| rollout/return_std             | 223      |
| total/duration                 | 3.08e+03 |
| total/episodes                 | 8.24e+03 |
| total/epochs                   | 47       |
| total/steps                    | 9.4e+05  |
| total/steps_per_second         | 305      |
| train/loss_actor               | -240     |
| train/loss_critic              | 97       |
| train/param_noise_distance     | 0.153    |
---------------------------------------------

---------------------------------------------
| obs_rms_mean                   | 0        |
| obs_rms_std                    | 1        |
| param_noise_stddev             | 0.0123   |
| reference_action_mean          | 0.285    |
| reference_action_std           | 0.909    |
| reference_actor_Q_mean         | 262      |
| reference_actor_Q_std          | 61.9     |
| reference_perturbed_action_... | 0.392    |
| reference_perturbed_action_std | 0.878    |
| reference_Q_mean               | 250      |
| reference_Q_std                | 76.1     |
| rollout/actions_mean           | 0.203    |
| rollout/actions_std            | 0.842    |
| rollout/episode_steps          | 114      |
| rollout/episodes               | 8.41e+03 |
| rollout/Q_mean                 | 251      |
| rollout/return                 | 255      |
| rollout/return_history         | 341      |
| rollout/return_history_std     | 142      |
| rollout/return_std             | 222      |
| total/duration                 | 3.15e+03 |
| total/episodes                 | 8.41e+03 |
| total/epochs                   | 48       |
| total/steps                    | 9.6e+05  |
| total/steps_per_second         | 305      |
| train/loss_actor               | -238     |
| train/loss_critic              | 111      |
| train/param_noise_distance     | 0.191    |
---------------------------------------------

---------------------------------------------
| obs_rms_mean                   | 0        |
| obs_rms_std                    | 1        |
| param_noise_stddev             | 0.0131   |
| reference_action_mean          | 0.452    |
| reference_action_std           | 0.828    |
| reference_actor_Q_mean         | 261      |
| reference_actor_Q_std          | 61.1     |
| reference_perturbed_action_... | 0.424    |
| reference_perturbed_action_std | 0.844    |
| reference_Q_mean               | 249      |
| reference_Q_std                | 76.4     |
| rollout/actions_mean           | 0.202    |
| rollout/actions_std            | 0.843    |
| rollout/episode_steps          | 115      |
| rollout/episodes               | 8.54e+03 |
| rollout/Q_mean                 | 251      |
| rollout/return                 | 258      |
| rollout/return_history         | 427      |
| rollout/return_history_std     | 103      |
| rollout/return_std             | 221      |
| total/duration                 | 3.21e+03 |
| total/episodes                 | 8.54e+03 |
| total/epochs                   | 49       |
| total/steps                    | 9.8e+05  |
| total/steps_per_second         | 305      |
| train/loss_actor               | -235     |
| train/loss_critic              | 172      |
| train/param_noise_distance     | 0.214    |
---------------------------------------------

---------------------------------------------
| obs_rms_mean                   | 0        |
| obs_rms_std                    | 1        |
| param_noise_stddev             | 0.0126   |
| reference_action_mean          | 0.499    |
| reference_action_std           | 0.784    |
| reference_actor_Q_mean         | 260      |
| reference_actor_Q_std          | 55.6     |
| reference_perturbed_action_... | 0.527    |
| reference_perturbed_action_std | 0.783    |
| reference_Q_mean               | 251      |
| reference_Q_std                | 67.9     |
| rollout/actions_mean           | 0.201    |
| rollout/actions_std            | 0.843    |
| rollout/episode_steps          | 115      |
| rollout/episodes               | 8.68e+03 |
| rollout/Q_mean                 | 251      |
| rollout/return                 | 260      |
| rollout/return_history         | 433      |
| rollout/return_history_std     | 164      |
| rollout/return_std             | 221      |
| total/duration                 | 3.27e+03 |
| total/episodes                 | 8.68e+03 |
| total/epochs                   | 50       |
| total/steps                    | 1e+06    |
| total/steps_per_second         | 305      |
| train/loss_actor               | -235     |
| train/loss_critic              | 76       |
| train/param_noise_distance     | 0.298    |
---------------------------------------------

/home/jiameng/packages/SafeDRL_GP/dart-env/gym/__init__.py:22: UserWarning: DEPRECATION WARNING: to improve load times, gym no longer automatically loads gym.spaces. Please run "import gym.spaces" to load gym.spaces on your own. This warning will turn into an error in a future version of gym.
  warnings.warn('DEPRECATION WARNING: to improve load times, gym no longer automatically loads gym.spaces. Please run "import gym.spaces" to load gym.spaces on your own. This warning will turn into an error in a future version of gym.')
Traceback (most recent call last):
  File "/usr/lib/python3.6/runpy.py", line 193, in _run_module_as_main
    "__main__", mod_spec)
  File "/usr/lib/python3.6/runpy.py", line 85, in _run_code
    exec(code, run_globals)
  File "/home/jiameng/packages/SafeDRL_GP/SafeDRL/SafetyGuided_DRL/run.py", line 249, in <module>
    else:
  File "/home/jiameng/packages/SafeDRL_GP/SafeDRL/SafetyGuided_DRL/run.py", line 219, in main
    convert a list of '='-spaced command-line arguments to a dictionary, evaluating python objects when possible
AttributeError: 'DDPG' object has no attribute 'save'
