Logging to data_ddpg/humanoid_20M_ddpg
2019-06-26 15:36:03.253813: I tensorflow/core/platform/cpu_feature_guard.cc:141] Your CPU supports instructions that this TensorFlow binary was not compiled to use: AVX2 FMA
2019-06-26 15:36:05.889609: I tensorflow/core/common_runtime/gpu/gpu_device.cc:1405] Found device 0 with properties: 
name: GeForce GTX 1080 Ti major: 6 minor: 1 memoryClockRate(GHz): 1.582
pciBusID: 0000:05:00.0
totalMemory: 10.91GiB freeMemory: 10.76GiB
2019-06-26 15:36:06.026968: I tensorflow/core/common_runtime/gpu/gpu_device.cc:1405] Found device 1 with properties: 
name: GeForce GTX 1080 Ti major: 6 minor: 1 memoryClockRate(GHz): 1.582
pciBusID: 0000:06:00.0
totalMemory: 10.92GiB freeMemory: 10.76GiB
2019-06-26 15:36:06.156517: I tensorflow/core/common_runtime/gpu/gpu_device.cc:1405] Found device 2 with properties: 
name: GeForce GTX 1080 Ti major: 6 minor: 1 memoryClockRate(GHz): 1.582
pciBusID: 0000:09:00.0
totalMemory: 10.92GiB freeMemory: 10.76GiB
2019-06-26 15:36:06.292125: I tensorflow/core/common_runtime/gpu/gpu_device.cc:1405] Found device 3 with properties: 
name: GeForce GTX 1080 Ti major: 6 minor: 1 memoryClockRate(GHz): 1.582
pciBusID: 0000:0a:00.0
totalMemory: 10.92GiB freeMemory: 10.76GiB
2019-06-26 15:36:06.297450: I tensorflow/core/common_runtime/gpu/gpu_device.cc:1484] Adding visible gpu devices: 0, 1, 2, 3
2019-06-26 15:36:07.094690: I tensorflow/core/common_runtime/gpu/gpu_device.cc:965] Device interconnect StreamExecutor with strength 1 edge matrix:
2019-06-26 15:36:07.094727: I tensorflow/core/common_runtime/gpu/gpu_device.cc:971]      0 1 2 3 
2019-06-26 15:36:07.094733: I tensorflow/core/common_runtime/gpu/gpu_device.cc:984] 0:   N Y Y Y 
2019-06-26 15:36:07.094736: I tensorflow/core/common_runtime/gpu/gpu_device.cc:984] 1:   Y N Y Y 
2019-06-26 15:36:07.094740: I tensorflow/core/common_runtime/gpu/gpu_device.cc:984] 2:   Y Y N Y 
2019-06-26 15:36:07.094744: I tensorflow/core/common_runtime/gpu/gpu_device.cc:984] 3:   Y Y Y N 
2019-06-26 15:36:07.095409: I tensorflow/core/common_runtime/gpu/gpu_device.cc:1097] Created TensorFlow device (/job:localhost/replica:0/task:0/device:GPU:0 with 10402 MB memory) -> physical GPU (device: 0, name: GeForce GTX 1080 Ti, pci bus id: 0000:05:00.0, compute capability: 6.1)
2019-06-26 15:36:07.096333: I tensorflow/core/common_runtime/gpu/gpu_device.cc:1097] Created TensorFlow device (/job:localhost/replica:0/task:0/device:GPU:1 with 10405 MB memory) -> physical GPU (device: 1, name: GeForce GTX 1080 Ti, pci bus id: 0000:06:00.0, compute capability: 6.1)
2019-06-26 15:36:07.097020: I tensorflow/core/common_runtime/gpu/gpu_device.cc:1097] Created TensorFlow device (/job:localhost/replica:0/task:0/device:GPU:2 with 10405 MB memory) -> physical GPU (device: 2, name: GeForce GTX 1080 Ti, pci bus id: 0000:09:00.0, compute capability: 6.1)
2019-06-26 15:36:07.097684: I tensorflow/core/common_runtime/gpu/gpu_device.cc:1097] Created TensorFlow device (/job:localhost/replica:0/task:0/device:GPU:3 with 10405 MB memory) -> physical GPU (device: 3, name: GeForce GTX 1080 Ti, pci bus id: 0000:0a:00.0, compute capability: 6.1)
env_type: mujoco
[33mWARN: gym.spaces.Box autodetected dtype as <class 'numpy.float32'>. Please provide explicit dtype.[0m
[33mWARN: gym.spaces.Box autodetected dtype as <class 'numpy.float32'>. Please provide explicit dtype.[0m
Training safe_ddpg on mujoco:Humanoid-v2 with arguments 
{'nb_rollout_steps': 1000, 'num_hidden': 128, 'num_layers': 3, 'network': 'mlp'}
scaling actions by [0.4 0.4 0.4 0.4 0.4 0.4 0.4 0.4 0.4 0.4 0.4 0.4 0.4 0.4 0.4 0.4 0.4] before executing in env
setting up param noise
  param_noise_actor/mlp_fc0/w:0 <- actor/mlp_fc0/w:0 + noise
  param_noise_actor/mlp_fc0/b:0 <- actor/mlp_fc0/b:0 + noise
  param_noise_actor/mlp_fc1/w:0 <- actor/mlp_fc1/w:0 + noise
  param_noise_actor/mlp_fc1/b:0 <- actor/mlp_fc1/b:0 + noise
  param_noise_actor/mlp_fc2/w:0 <- actor/mlp_fc2/w:0 + noise
  param_noise_actor/mlp_fc2/b:0 <- actor/mlp_fc2/b:0 + noise
  param_noise_actor/dense/kernel:0 <- actor/dense/kernel:0 + noise
  param_noise_actor/dense/bias:0 <- actor/dense/bias:0 + noise
  adaptive_param_noise_actor/mlp_fc0/w:0 <- actor/mlp_fc0/w:0 + noise
  adaptive_param_noise_actor/mlp_fc0/b:0 <- actor/mlp_fc0/b:0 + noise
  adaptive_param_noise_actor/mlp_fc1/w:0 <- actor/mlp_fc1/w:0 + noise
  adaptive_param_noise_actor/mlp_fc1/b:0 <- actor/mlp_fc1/b:0 + noise
  adaptive_param_noise_actor/mlp_fc2/w:0 <- actor/mlp_fc2/w:0 + noise
  adaptive_param_noise_actor/mlp_fc2/b:0 <- actor/mlp_fc2/b:0 + noise
  adaptive_param_noise_actor/dense/kernel:0 <- actor/dense/kernel:0 + noise
  adaptive_param_noise_actor/dense/bias:0 <- actor/dense/bias:0 + noise
setting up actor optimizer
  actor shapes: [[376, 128], [128], [128, 128], [128], [128, 128], [128], [128, 17], [17]]
  actor params: 83473
setting up critic optimizer
  regularizing: critic/mlp_fc0/w:0
  regularizing: critic/mlp_fc1/w:0
  regularizing: critic/mlp_fc2/w:0
  applying l2 regularization with 0.01
  critic shapes: [[393, 128], [128], [128, 128], [128], [128, 128], [128], [128, 1], [1]]
  critic params: 83585
setting up target updates ...
  target_actor/mlp_fc0/w:0 <- actor/mlp_fc0/w:0
  target_actor/mlp_fc0/b:0 <- actor/mlp_fc0/b:0
  target_actor/mlp_fc1/w:0 <- actor/mlp_fc1/w:0
  target_actor/mlp_fc1/b:0 <- actor/mlp_fc1/b:0
  target_actor/mlp_fc2/w:0 <- actor/mlp_fc2/w:0
  target_actor/mlp_fc2/b:0 <- actor/mlp_fc2/b:0
  target_actor/dense/kernel:0 <- actor/dense/kernel:0
  target_actor/dense/bias:0 <- actor/dense/bias:0
setting up target updates ...
  target_critic/mlp_fc0/w:0 <- critic/mlp_fc0/w:0
  target_critic/mlp_fc0/b:0 <- critic/mlp_fc0/b:0
  target_critic/mlp_fc1/w:0 <- critic/mlp_fc1/w:0
  target_critic/mlp_fc1/b:0 <- critic/mlp_fc1/b:0
  target_critic/mlp_fc2/w:0 <- critic/mlp_fc2/w:0
  target_critic/mlp_fc2/b:0 <- critic/mlp_fc2/b:0
  target_critic/output/kernel:0 <- critic/output/kernel:0
  target_critic/output/bias:0 <- critic/output/bias:0
Using agent with the following configuration:
dict_items([('obs0', <tf.Tensor 'obs0:0' shape=(?, 376) dtype=float32>), ('obs1', <tf.Tensor 'obs1:0' shape=(?, 376) dtype=float32>), ('terminals1', <tf.Tensor 'terminals1:0' shape=(?, 1) dtype=float32>), ('rewards', <tf.Tensor 'rewards:0' shape=(?, 1) dtype=float32>), ('actions', <tf.Tensor 'actions:0' shape=(?, 17) dtype=float32>), ('critic_target', <tf.Tensor 'critic_target:0' shape=(?, 1) dtype=float32>), ('param_noise_stddev', <tf.Tensor 'param_noise_stddev:0' shape=() dtype=float32>), ('gamma', 0.99), ('tau', 0.01), ('memory', <baselines.ddpg.memory.Memory object at 0x7f214d3602b0>), ('normalize_observations', True), ('normalize_returns', False), ('action_noise', None), ('param_noise', AdaptiveParamNoiseSpec(initial_stddev=0.2, desired_action_stddev=0.2, adoption_coefficient=1.01)), ('action_range', (-1.0, 1.0)), ('return_range', (-inf, inf)), ('observation_range', (-5.0, 5.0)), ('critic', <SafetyGuided_DRL.safe_ddpg.models.Critic object at 0x7f21eb1826a0>), ('actor', <SafetyGuided_DRL.safe_ddpg.models.Actor object at 0x7f21eb1826d8>), ('actor_lr', 0.0001), ('critic_lr', 0.001), ('clip_norm', None), ('enable_popart', False), ('reward_scale', 1.0), ('batch_size', 64), ('stats_sample', None), ('critic_l2_reg', 0.01), ('obs_rms', <baselines.common.mpi_running_mean_std.RunningMeanStd object at 0x7f21eb199160>), ('ret_rms', None), ('target_actor', <SafetyGuided_DRL.safe_ddpg.models.Actor object at 0x7f21eb182a20>), ('target_critic', <SafetyGuided_DRL.safe_ddpg.models.Critic object at 0x7f21eb182e80>), ('actor_tf', <tf.Tensor 'actor/Tanh:0' shape=(?, 17) dtype=float32>), ('normalized_critic_tf', <tf.Tensor 'critic/output/BiasAdd:0' shape=(?, 1) dtype=float32>), ('critic_tf', <tf.Tensor 'clip_by_value_2:0' shape=(?, 1) dtype=float32>), ('normalized_critic_with_actor_tf', <tf.Tensor 'critic_1/output/BiasAdd:0' shape=(?, 1) dtype=float32>), ('critic_with_actor_tf', <tf.Tensor 'clip_by_value_3:0' shape=(?, 1) dtype=float32>), ('target_Q', <tf.Tensor 'add_2:0' shape=(?, 1) dtype=float32>), ('perturbed_actor_tf', <tf.Tensor 'param_noise_actor/Tanh:0' shape=(?, 17) dtype=float32>), ('perturb_policy_ops', <tf.Operation 'group_deps' type=NoOp>), ('perturb_adaptive_policy_ops', <tf.Operation 'group_deps_1' type=NoOp>), ('adaptive_policy_distance', <tf.Tensor 'Sqrt:0' shape=() dtype=float32>), ('actor_loss', <tf.Tensor 'Neg:0' shape=() dtype=float32>), ('actor_grads', <tf.Tensor 'concat:0' shape=(83473,) dtype=float32>), ('actor_optimizer', <baselines.common.mpi_adam.MpiAdam object at 0x7f2181a989b0>), ('critic_loss', <tf.Tensor 'add_19:0' shape=() dtype=float32>), ('critic_grads', <tf.Tensor 'concat_2:0' shape=(83585,) dtype=float32>), ('critic_optimizer', <baselines.common.mpi_adam.MpiAdam object at 0x7f2181aaa908>), ('stats_ops', [<tf.Tensor 'Mean_3:0' shape=() dtype=float32>, <tf.Tensor 'Mean_4:0' shape=() dtype=float32>, <tf.Tensor 'Mean_5:0' shape=() dtype=float32>, <tf.Tensor 'Sqrt_1:0' shape=() dtype=float32>, <tf.Tensor 'Mean_8:0' shape=() dtype=float32>, <tf.Tensor 'Sqrt_2:0' shape=() dtype=float32>, <tf.Tensor 'Mean_11:0' shape=() dtype=float32>, <tf.Tensor 'Sqrt_3:0' shape=() dtype=float32>, <tf.Tensor 'Mean_14:0' shape=() dtype=float32>, <tf.Tensor 'Sqrt_4:0' shape=() dtype=float32>]), ('stats_names', ['obs_rms_mean', 'obs_rms_std', 'reference_Q_mean', 'reference_Q_std', 'reference_actor_Q_mean', 'reference_actor_Q_std', 'reference_action_mean', 'reference_action_std', 'reference_perturbed_action_mean', 'reference_perturbed_action_std']), ('target_init_updates', [<tf.Operation 'group_deps_4' type=NoOp>, <tf.Operation 'group_deps_6' type=NoOp>]), ('target_soft_updates', [<tf.Operation 'group_deps_5' type=NoOp>, <tf.Operation 'group_deps_7' type=NoOp>]), ('initial_state', None)])
GLFW error (code %d): %s 65544 b'X11: RandR gamma ramp support seems broken'
Creating window glfw
---------------------------------------------
| obs_rms_mean                   | 0        |
| obs_rms_std                    | 1        |
| param_noise_stddev             | 0.164    |
| reference_action_mean          | 0.0702   |
| reference_action_std           | 0.987    |
| reference_actor_Q_mean         | 44.4     |
| reference_actor_Q_std          | 14.5     |
| reference_perturbed_action_... | 0.0253   |
| reference_perturbed_action_std | 0.99     |
| reference_Q_mean               | 43       |
| reference_Q_std                | 14.4     |
| rollout/actions_mean           | 0.0772   |
| rollout/actions_std            | 0.989    |
| rollout/episode_steps          | 27.5     |
| rollout/episodes               | 724      |
| rollout/Q_mean                 | 23.2     |
| rollout/return                 | 146      |
| rollout/return_history         | 160      |
| rollout/return_history_std     | 118      |
| rollout/return_std             | 110      |
| total/duration                 | 64.1     |
| total/episodes                 | 724      |
| total/epochs                   | 1        |
| total/steps                    | 2e+04    |
| total/steps_per_second         | 312      |
| train/loss_actor               | -44.2    |
| train/loss_critic              | 41.4     |
| train/param_noise_distance     | 1.01     |
---------------------------------------------

---------------------------------------------
| obs_rms_mean                   | 0        |
| obs_rms_std                    | 1        |
| param_noise_stddev             | 0.134    |
| reference_action_mean          | 0.426    |
| reference_action_std           | 0.875    |
| reference_actor_Q_mean         | 83.7     |
| reference_actor_Q_std          | 32.8     |
| reference_perturbed_action_... | 0.248    |
| reference_perturbed_action_std | 0.958    |
| reference_Q_mean               | 80.5     |
| reference_Q_std                | 33.8     |
| rollout/actions_mean           | 0.123    |
| rollout/actions_std            | 0.982    |
| rollout/episode_steps          | 31       |
| rollout/episodes               | 1.29e+03 |
| rollout/Q_mean                 | 47.8     |
| rollout/return                 | 172      |
| rollout/return_history         | 247      |
| rollout/return_history_std     | 150      |
| rollout/return_std             | 127      |
| total/duration                 | 129      |
| total/episodes                 | 1.29e+03 |
| total/epochs                   | 2        |
| total/steps                    | 4e+04    |
| total/steps_per_second         | 310      |
| train/loss_actor               | -90.9    |
| train/loss_critic              | 87.9     |
| train/param_noise_distance     | 1.14     |
---------------------------------------------

